symbol table printing start 
+++++-----+++++-----+++++-----+++++-----+++++-----+++++-----+++++-----+++++-----+++++-----+++++-----+++++-----
Symbol Table: Global                                         Parent: null
..............................................................................................................
Name                     Type                     Category    Initial Value       Size    Offset  Nest 
**************************************************************************************************************
main                     void                     function                        0       0       main

+++++-----+++++-----+++++-----+++++-----+++++-----+++++-----+++++-----+++++-----+++++-----+++++-----+++++-----
Symbol Table: main                                           Parent: Global
..............................................................................................................
Name                     Type                     Category    Initial Value       Size    Offset  Nest 
**************************************************************************************************************
a                        Matrix(2,2,double)       local       {1.0,2.0;3.0,4.0}   40      0       null
#t000                    int                      temp        2                   4       40      null
#t001                    int                      temp        2                   4       44      null
#t002                    double                   temp        1.0                 8       48      null
#t003                    double                   temp        2.0                 8       56      null
#t004                    double                   temp        3.0                 8       64      null
#t005                    double                   temp        4.0                 8       72      null
b                        Matrix(2,2,double)       local       {1.1,2.1,3.1,4.1}   40      80      null
#t006                    int                      temp        2                   4       120     null
#t007                    int                      temp        2                   4       124     null
#t008                    double                   temp        1.1                 8       128     null
#t009                    double                   temp        2.1                 8       136     null
#t010                    double                   temp        3.1                 8       144     null
#t011                    double                   temp        4.1                 8       152     null
c                        Matrix(2,2,double)       local                           40      160     null
#t012                    int                      temp        2                   4       200     null
#t013                    int                      temp        2                   4       204     null
d                        double                   local       2.31                8       208     null
#t014                    double                   temp        2.31                8       216     null
d2                       double                   local       2.3e-1              8       224     null
#t015                    double                   temp        2.3e-1              8       232     null
#t016                    Matrix(2,2,double)       temp                            4       240     null
#t017                    Matrix(2,2,double)       temp                            4       244     null
#t018                    Matrix(2,2,double)       temp                            4       248     null
i                        int                      local       0                   4       252     null
#t019                    int                      temp        0                   4       256     null
#t020                    int                      temp        1                   4       260     null
#t021                    int                      temp        3                   4       264     null
#t022                    int                      temp                            4       268     null
#t023                    int                      temp                            4       272     null

%%%%%%%%%%%%%%%%%%%%%%%%%%%%%%%%%%%%%%%%%%%%%%%%%%%%%%%%%%%%%%%%%%%%%%%%%%%%%%%%%%%%%%%%%%%%%%%%%%%%%%%%%%%%%%
quad array printing start
==============================
Quad Translation
------------------------------

main: 

1   ->	#t000=2
2   ->	#t001=2
3   ->	#t002=1.0
4   ->	#t003=2.0
5   ->	#t004=3.0
6   ->	#t005=4.0
7   ->	#t006=2
8   ->	#t007=2
9   ->	#t008=1.1
10  ->	#t009=2.1
11  ->	#t010=3.1
12  ->	#t011=4.1
13  ->	#t012=2
14  ->	#t013=2
15  ->	#t014=2.31
16  ->	d=#t014
17  ->	#t015=2.3e-1
18  ->	d2=#t015
19  ->	#t016=a
20  ->	#t017=b
21  ->	#t018=#t016 + #t017
22  ->	c=#t018
23  ->	#t019=0
24  ->	i=#t019
25  ->	#t020=1
26  ->	i=#t020
27  ->	#t021=3
28  ->	if i < #t021 goto 33
29  ->	goto 
30  ->	#t022=i
31  ->	i=#t022 + 1
32  ->	goto 27
33  ->	#t023=i
34  ->	i=#t023 + 1
35  ->	goto 30
------------------------------
~~~~~~~~~~~~~~~~~~~~~~~~~~~~~~~ Quad Table ~~~~~~~~~~~~~~~~~~~~~~~~~~~~~~~~~~
index    op     arg 1   arg 2   result  
0        op                     main    
1        =      2               #t000   
2        =      2               #t001   
3        =      1.0             #t002   
4        =      2.0             #t003   
5        =      3.0             #t004   
6        =      4.0             #t005   
7        =      2               #t006   
8        =      2               #t007   
9        =      1.1             #t008   
10       =      2.1             #t009   
11       =      3.1             #t010   
12       =      4.1             #t011   
13       =      2               #t012   
14       =      2               #t013   
15       =      2.31            #t014   
16       =      #t014           d       
17       =      2.3e-1          #t015   
18       =      #t015           d2      
19       =      a       a       #t016   
20       =      b       b       #t017   
21       +      #t016   #t017   #t018   
22       =      #t018           c       
23       =      0               #t019   
24       =      #t019           i       
25       =      1               #t020   
26       =      #t020           i       
27       =      3               #t021   
28       <      i       #t021   33      
29       goto                           
30       =      i               #t022   
31       +      #t022   1       i       
32       goto                   27      
33       =      i               #t023   
34       +      #t023   1       i       
35       goto                   30      
