symbol table printing start 
+++++-----+++++-----+++++-----+++++-----+++++-----+++++-----+++++-----+++++-----+++++-----+++++-----+++++-----
Symbol Table: Global                                         Parent: null
..............................................................................................................
Name                     Type                     Category    Initial Value       Size    Offset  Nest 
**************************************************************************************************************
die                      int                      function                        4       0       die

+++++-----+++++-----+++++-----+++++-----+++++-----+++++-----+++++-----+++++-----+++++-----+++++-----+++++-----
Symbol Table: die                                            Parent: Global
..............................................................................................................
Name                     Type                     Category    Initial Value       Size    Offset  Nest 
**************************************************************************************************************
x                        int                      param                           4       0       null
retVal                   int                      local                           4       4       null
#t000                    int                      temp        0                   4       8       null
v                        int                      local                           4       12      null
#t001                    int                      temp        2                   4       16      null
#t002                    int                      temp        3                   4       20      null
#t003                    int                      temp                            4       24      null
#t004                    int                      temp        32                  4       28      null
#t005                    int                      temp        32                  4       32      null
#t006                    int                      temp        12                  4       36      null
#t007                    int                      temp                            4       40      null
#t008                    int                      temp        3                   4       44      null
#t009                    int                      temp        3                   4       48      null
#t010                    int                      temp                            4       52      null
#t011                    int                      temp                            4       56      null
#t012                    int                      temp                            4       60      null
#t013                    int                      temp                            4       64      null
#t014                    int                      temp        0                   4       68      null
#t015                    int                      temp                            4       72      null

%%%%%%%%%%%%%%%%%%%%%%%%%%%%%%%%%%%%%%%%%%%%%%%%%%%%%%%%%%%%%%%%%%%%%%%%%%%%%%%%%%%%%%%%%%%%%%%%%%%%%%%%%%%%%%
quad array printing start
==============================
Quad Translation
------------------------------

die: 

1   ->	#t000=0
2   ->	if x == #t000 goto 4
3   ->	goto 21
4   ->	#t001=2
5   ->	#t002=3
6   ->	#t003=#t001 + #t002
7   ->	v=#t003
8   ->	#t004=32
9   ->	if x > #t004 goto 12
10  ->	goto 14
11  ->	goto 19
12  ->	#t005=32
13  ->	goto 17
14  ->	#t006=12
15  ->	#t007=#t006
16  ->	goto 19
17  ->	#t007=#t005
18  ->	goto 19
19  ->	v=#t007
20  ->	goto 1
21  ->	#t008=3
22  ->	if x != #t008 goto 24
23  ->	goto 36
24  ->	#t009=3
25  ->	if x > #t009 goto 28
26  ->	goto 31
27  ->	goto 
28  ->	#t010=x
29  ->	x=#t010 - 1
30  ->	goto 33
31  ->	#t011=x
32  ->	x=#t011 + 1
33  ->	#t012=x
34  ->	x=#t012 + 1
35  ->	goto 21
36  ->	#t013=x
37  ->	x=#t013 - 1
38  ->	#t014=0
39  ->	if x != #t014 goto 36
40  ->	goto 41
41  ->	#t015=x * x
42  ->	ret #t015
------------------------------
~~~~~~~~~~~~~~~~~~~~~~~~~~~~~~~ Quad Table ~~~~~~~~~~~~~~~~~~~~~~~~~~~~~~~~~~
index    op     arg 1   arg 2   result  
0        op                     die     
1        =      0               #t000   
2        ==     x       #t000   4       
3        goto                   21      
4        =      2               #t001   
5        =      3               #t002   
6        +      #t001   #t002   #t003   
7        =      #t003           v       
8        =      32              #t004   
9        >      x       #t004   12      
10       goto                   14      
11       goto                   19      
12       =      32              #t005   
13       goto                   17      
14       =      12              #t006   
15       =      #t006           #t007   
16       goto                   19      
17       =      #t005           #t007   
18       goto                   19      
19       =      #t007           v       
20       goto                   1       
21       =      3               #t008   
22       !=     x       #t008   24      
23       goto                   36      
24       =      3               #t009   
25       >      x       #t009   28      
26       goto                   31      
27       goto                           
28       =      x               #t010   
29       -      #t010   1       x       
30       goto                   33      
31       =      x               #t011   
32       +      #t011   1       x       
33       =      x               #t012   
34       +      #t012   1       x       
35       goto                   21      
36       =      x               #t013   
37       -      #t013   1       x       
38       =      0               #t014   
39       !=     x       #t014   36      
40       goto                   41      
41       *      x       x       #t015   
42       ret                    #t015   
