./comp 6
+++++-----+++++-----+++++-----+++++-----+++++-----+++++-----+++++-----+++++-----+++++-----+++++-----+++++-----
Symbol Table: Global                                         Parent: null
..............................................................................................................
Name                     Type                     Category    Initial Value       Size    Offset  Nest 
**************************************************************************************************************
printStr                 int                      function                        4       0       printStr
printInt                 int                      function                        4       4       printInt
readInt                  int                      function                        4       8       readInt
readFlt                  int                      function                        4       12      readFlt
printFlt                 int                      function                        4       16      printFlt
main                     int                      function                        4       20      main

+++++-----+++++-----+++++-----+++++-----+++++-----+++++-----+++++-----+++++-----+++++-----+++++-----+++++-----
Symbol Table: printStr                                       Parent: Global
..............................................................................................................
Name                     Type                     Category    Initial Value       Size    Offset  Nest 
**************************************************************************************************************
a                        ptr(char)                param                           4       0       null
retVal                   int                      local                           4       4       null

+++++-----+++++-----+++++-----+++++-----+++++-----+++++-----+++++-----+++++-----+++++-----+++++-----+++++-----
Symbol Table: printInt                                       Parent: Global
..............................................................................................................
Name                     Type                     Category    Initial Value       Size    Offset  Nest 
**************************************************************************************************************
a                        int                      param                           4       0       null
retVal                   int                      local                           4       4       null

+++++-----+++++-----+++++-----+++++-----+++++-----+++++-----+++++-----+++++-----+++++-----+++++-----+++++-----
Symbol Table: readInt                                        Parent: Global
..............................................................................................................
Name                     Type                     Category    Initial Value       Size    Offset  Nest 
**************************************************************************************************************
a                        ptr(int)                 param                           4       0       null
retVal                   int                      local                           4       4       null

+++++-----+++++-----+++++-----+++++-----+++++-----+++++-----+++++-----+++++-----+++++-----+++++-----+++++-----
Symbol Table: readFlt                                        Parent: Global
..............................................................................................................
Name                     Type                     Category    Initial Value       Size    Offset  Nest 
**************************************************************************************************************
a                        ptr(int)                 param                           4       0       null
retVal                   int                      local                           4       4       null

+++++-----+++++-----+++++-----+++++-----+++++-----+++++-----+++++-----+++++-----+++++-----+++++-----+++++-----
Symbol Table: printFlt                                       Parent: Global
..............................................................................................................
Name                     Type                     Category    Initial Value       Size    Offset  Nest 
**************************************************************************************************************
a                        int                      param                           4       0       null
retVal                   int                      local                           4       4       null

+++++-----+++++-----+++++-----+++++-----+++++-----+++++-----+++++-----+++++-----+++++-----+++++-----+++++-----
Symbol Table: main                                           Parent: Global
..............................................................................................................
Name                     Type                     Category    Initial Value       Size    Offset  Nest 
**************************************************************************************************************
retVal                   int                      local                           4       0       null
a                        Matrix(3,6,double)       local                           152     148     null
t000                     int                      temp        3                   4       156     null
t001                     int                      temp        6                   4       160     null
i                        int                      local       1                   4       164     null
t002                     int                      temp        1                   4       168     null
t003                     int                      temp        9                   4       172     null
t004                     int                      temp        0                   4       176     null
t005                     int                      temp                            4       180     null
t006                     int                      temp                            4       184     null
t007                     int                      temp        3                   4       188     null
t008                     int                      temp                            4       192     null
t009                     int                      temp                            4       196     null
t010                     double                   temp        42.0                8       200     null
t011                     int                      temp        0                   4       208     null
t012                     int                      temp                            4       212     null
t013                     int                      temp                            4       216     null
t014                     int                      temp        5                   4       220     null
t015                     int                      temp                            4       224     null
t016                     int                      temp                            4       228     null
t017                     double                   temp        2.9                 8       232     null
printFlt                 int                      local                           4       240     null
t018                     int                      temp        0                   4       244     null
t019                     int                      temp                            4       248     null
t020                     int                      temp                            4       252     null
t021                     int                      temp        3                   4       256     null
t022                     int                      temp                            4       260     null
t023                     int                      temp                            4       264     null
t024                     double                   temp                            4       268     null
t025                     int                      temp                            4       272     null
t026                     int                      temp        0                   4       276     null

==============================
Quad Translation
------------------------------

main: 

1   ->	t000=3
2   ->	t001=6
3   ->	t002=1
4   ->	i=t002
5   ->	t003=9
6   ->	if i < t003 goto 8
7   ->	goto 17
8   ->	t004=0
9   ->	t006=t004 * 48
10  ->	t005=a + t006
11  ->	t007=3
12  ->	t009=t007 * 8
13  ->	t008=t005 + t009
14  ->	t010 = 42.0
15  ->	a[t008] = t010
16  ->	goto 25
17  ->	t011=0
18  ->	t013=t011 * 48
19  ->	t012=a + t013
20  ->	t014=5
21  ->	t016=t014 * 8
22  ->	t015=t012 + t016
23  ->	t017 = 2.9
24  ->	a[t015] = t017
25  ->	t018=0
26  ->	t020=t018 * 48
27  ->	t019=a + t020
28  ->	t021=3
29  ->	t023=t021 * 8
30  ->	t022=t019 + t023
31  ->	t024 = a[t022]
32  ->	param t024
33  ->	t025 = call printFlt, 1
34  ->	t026=0
35  ->	ret t026
36  ->	
------------------------------
~~~~~~~~~~~~~~~~~~~~~~~~~~~~~~~ Quad Table ~~~~~~~~~~~~~~~~~~~~~~~~~~~~~~~~~~
index    op     arg 1   arg 2   result  
0        op                     main    
1        =      3               t000    
2        =      6               t001    
3        =      1               t002    
4        =      t002            i       
5        =      9               t003    
6        <      i       t003    8       
7        goto                   17      
8        =      0               t004    
9        *      t004    48      t006    
10       +      a       t006    t005    
11       =      3               t007    
12       *      t007    8       t009    
13       +      t005    t009    t008    
14       =      42.0            t010    
15       []=    t008    t010    a       
16       goto                   25      
17       =      0               t011    
18       *      t011    48      t013    
19       +      a       t013    t012    
20       =      5               t014    
21       *      t014    8       t016    
22       +      t012    t016    t015    
23       =      2.9             t017    
24       []=    t015    t017    a       
25       =      0               t018    
26       *      t018    48      t020    
27       +      a       t020    t019    
28       =      3               t021    
29       *      t021    8       t023    
30       +      t019    t023    t022    
31       =[]    a       t022    t024    
32       param                  t024    
33       call   printFlt1       t025    
34       =      0               t026    
35       ret                    t026    
36       op                     main    
gcc -Wall -c ass5_15CS10045_6.s
gcc ass5_15CS10045_6.o -o test6 -L. -lprintlib
