./comp 4
+++++-----+++++-----+++++-----+++++-----+++++-----+++++-----+++++-----+++++-----+++++-----+++++-----+++++-----
Symbol Table: Global                                         Parent: null
..............................................................................................................
Name                     Type                     Category    Initial Value       Size    Offset  Nest 
**************************************************************************************************************
printStr                 int                      function                        4       0       printStr
printInt                 int                      function                        4       4       printInt
readInt                  int                      function                        4       8       readInt
readFlt                  int                      function                        4       12      readFlt
printFlt                 int                      function                        4       16      printFlt
main                     int                      function                        4       20      main

+++++-----+++++-----+++++-----+++++-----+++++-----+++++-----+++++-----+++++-----+++++-----+++++-----+++++-----
Symbol Table: printStr                                       Parent: Global
..............................................................................................................
Name                     Type                     Category    Initial Value       Size    Offset  Nest 
**************************************************************************************************************
a                        ptr(char)                param                           4       0       null
retVal                   int                      local                           4       4       null

+++++-----+++++-----+++++-----+++++-----+++++-----+++++-----+++++-----+++++-----+++++-----+++++-----+++++-----
Symbol Table: printInt                                       Parent: Global
..............................................................................................................
Name                     Type                     Category    Initial Value       Size    Offset  Nest 
**************************************************************************************************************
a                        int                      param                           4       0       null
retVal                   int                      local                           4       4       null

+++++-----+++++-----+++++-----+++++-----+++++-----+++++-----+++++-----+++++-----+++++-----+++++-----+++++-----
Symbol Table: readInt                                        Parent: Global
..............................................................................................................
Name                     Type                     Category    Initial Value       Size    Offset  Nest 
**************************************************************************************************************
a                        ptr(int)                 param                           4       0       null
retVal                   int                      local                           4       4       null

+++++-----+++++-----+++++-----+++++-----+++++-----+++++-----+++++-----+++++-----+++++-----+++++-----+++++-----
Symbol Table: readFlt                                        Parent: Global
..............................................................................................................
Name                     Type                     Category    Initial Value       Size    Offset  Nest 
**************************************************************************************************************
a                        ptr(int)                 param                           4       0       null
retVal                   int                      local                           4       4       null

+++++-----+++++-----+++++-----+++++-----+++++-----+++++-----+++++-----+++++-----+++++-----+++++-----+++++-----
Symbol Table: printFlt                                       Parent: Global
..............................................................................................................
Name                     Type                     Category    Initial Value       Size    Offset  Nest 
**************************************************************************************************************
a                        int                      param                           4       0       null
retVal                   int                      local                           4       4       null

+++++-----+++++-----+++++-----+++++-----+++++-----+++++-----+++++-----+++++-----+++++-----+++++-----+++++-----
Symbol Table: main                                           Parent: Global
..............................................................................................................
Name                     Type                     Category    Initial Value       Size    Offset  Nest 
**************************************************************************************************************
retVal                   int                      local                           4       0       null
d                        double                   local       55.21               8       4       null
t000                     double                   temp        55.21               8       12      null
m1                       Matrix(2,3,double)       local       {1.3,2.3,3.3;4.3,5.3,6.3}56      68      null
t001                     int                      temp        2                   4       76      null
t002                     int                      temp        3                   4       80      null
t003                     double                   temp        1.3                 8       84      null
t004                     double                   temp        2.3                 8       92      null
t005                     double                   temp        3.3                 8       100     null
t006                     double                   temp        4.3                 8       108     null
t007                     double                   temp        5.3                 8       116     null
t008                     double                   temp        6.3                 8       124     null
m2                       Matrix(3,4,double)       local       {1.4,52.2,25.25,235.234;1.4,52.2,25.25,235.234;1.4,52.2,25.25,235.234}104     228     null
t009                     int                      temp        3                   4       236     null
t010                     int                      temp        4                   4       240     null
t011                     double                   temp        1.4                 8       244     null
t012                     double                   temp        52.2                8       252     null
t013                     double                   temp        25.25               8       260     null
t014                     double                   temp        235.234             8       268     null
t015                     double                   temp        1.4                 8       276     null
t016                     double                   temp        52.2                8       284     null
t017                     double                   temp        25.25               8       292     null
t018                     double                   temp        235.234             8       300     null
t019                     double                   temp        1.4                 8       308     null
t020                     double                   temp        52.2                8       316     null
t021                     double                   temp        25.25               8       324     null
t022                     double                   temp        235.234             8       332     null
m3                       Matrix(2,4,double)       local                           72      404     null
t023                     int                      temp        2                   4       412     null
t024                     int                      temp        4                   4       416     null
t025                     Matrix(2,3,double)       temp                            56      468     null
t026                     Matrix(2,4,double)       temp                            72      540     null
t027                     double                   temp                            8       548     null
t028                     double                   temp                            8       556     null
t029                     double                   temp                            8       564     null
t030                     double                   temp                            8       572     null
i                        int                      local                           4       580     null
j                        int                      local                           4       584     null
printStr                 int                      local                           4       588     null
t031                     ptr(char)                temp        "matrix 1 \n"       4       592     null
t032                     int                      temp                            4       596     null
t033                     int                      temp        0                   4       600     null
t034                     int                      temp        2                   4       604     null
t035                     int                      temp                            4       608     null
t036                     int                      temp        0                   4       612     null
t037                     int                      temp        3                   4       616     null
t038                     int                      temp                            4       620     null
printFlt                 int                      local                           4       624     null
t039                     int                      temp                            4       628     null
t040                     int                      temp                            4       632     null
t041                     int                      temp                            4       636     null
t042                     int                      temp                            4       640     null
t043                     double                   temp                            4       644     null
t044                     int                      temp                            4       648     null
t045                     ptr(char)                temp        "\t"                4       652     null
t046                     int                      temp                            4       656     null
t047                     ptr(char)                temp        "\n"                4       660     null
t048                     int                      temp                            4       664     null
t049                     ptr(char)                temp        "matrix 2 \n"       4       668     null
t050                     int                      temp                            4       672     null
t051                     int                      temp        0                   4       676     null
t052                     int                      temp        3                   4       680     null
t053                     int                      temp                            4       684     null
t054                     int                      temp        0                   4       688     null
t055                     int                      temp        4                   4       692     null
t056                     int                      temp                            4       696     null
t057                     int                      temp                            4       700     null
t058                     int                      temp                            4       704     null
t059                     int                      temp                            4       708     null
t060                     int                      temp                            4       712     null
t061                     double                   temp                            4       716     null
t062                     int                      temp                            4       720     null
t063                     ptr(char)                temp        "\t"                4       724     null
t064                     int                      temp                            4       728     null
t065                     ptr(char)                temp        "\n"                4       732     null
t066                     int                      temp                            4       736     null
t067                     ptr(char)                temp        " matrix m3 after multiplying m3= m1*m2 \n"4       740     null
t068                     int                      temp                            4       744     null
t069                     int                      temp        0                   4       748     null
t070                     int                      temp        2                   4       752     null
t071                     int                      temp                            4       756     null
t072                     int                      temp        0                   4       760     null
t073                     int                      temp        4                   4       764     null
t074                     int                      temp                            4       768     null
t075                     int                      temp                            4       772     null
t076                     int                      temp                            4       776     null
t077                     int                      temp                            4       780     null
t078                     int                      temp                            4       784     null
t079                     double                   temp                            4       788     null
t080                     int                      temp                            4       792     null
t081                     ptr(char)                temp        "\t"                4       796     null
t082                     int                      temp                            4       800     null
t083                     ptr(char)                temp        "\n"                4       804     null
t084                     int                      temp                            4       808     null

==============================
Quad Translation
------------------------------

main: 

1   ->	t000 = 55.21
2   ->	d=t000
3   ->	t001=2
4   ->	t002=3
5   ->	t003 = 1.3
6   ->	t004 = 2.3
7   ->	t005 = 3.3
8   ->	t006 = 4.3
9   ->	t007 = 5.3
10  ->	t008 = 6.3
11  ->	m1[0]=t003
12  ->	m1[8]=t004
13  ->	m1[16]=t005
14  ->	m1[24]=t006
15  ->	m1[32]=t007
16  ->	m1[40]=t008
17  ->	t009=3
18  ->	t010=4
19  ->	t011 = 1.4
20  ->	t012 = 52.2
21  ->	t013 = 25.25
22  ->	t014 = 235.234
23  ->	t015 = 1.4
24  ->	t016 = 52.2
25  ->	t017 = 25.25
26  ->	t018 = 235.234
27  ->	t019 = 1.4
28  ->	t020 = 52.2
29  ->	t021 = 25.25
30  ->	t022 = 235.234
31  ->	m2[0]=t011
32  ->	m2[8]=t012
33  ->	m2[16]=t013
34  ->	m2[24]=t014
35  ->	m2[32]=t015
36  ->	m2[40]=t016
37  ->	m2[48]=t017
38  ->	m2[56]=t018
39  ->	m2[64]=t019
40  ->	m2[72]=t020
41  ->	m2[80]=t021
42  ->	m2[88]=t022
43  ->	t023=2
44  ->	t024=4
45  ->	t025=m1
46  ->	t030 = 0 
47  ->	t027 = t025[0]
48  ->	t028 = m2[0]
49  ->	t029=t027 * t028
50  ->	t030=t030 + t029
51  ->	t027 = t025[8]
52  ->	t028 = m2[32]
53  ->	t029=t027 * t028
54  ->	t030=t030 + t029
55  ->	t027 = t025[16]
56  ->	t028 = m2[64]
57  ->	t029=t027 * t028
58  ->	t030=t030 + t029
59  ->	t026[0] = t030
60  ->	t030 = 0 
61  ->	t027 = t025[0]
62  ->	t028 = m2[8]
63  ->	t029=t027 * t028
64  ->	t030=t030 + t029
65  ->	t027 = t025[8]
66  ->	t028 = m2[40]
67  ->	t029=t027 * t028
68  ->	t030=t030 + t029
69  ->	t027 = t025[16]
70  ->	t028 = m2[72]
71  ->	t029=t027 * t028
72  ->	t030=t030 + t029
73  ->	t026[8] = t030
74  ->	t030 = 0 
75  ->	t027 = t025[0]
76  ->	t028 = m2[16]
77  ->	t029=t027 * t028
78  ->	t030=t030 + t029
79  ->	t027 = t025[8]
80  ->	t028 = m2[48]
81  ->	t029=t027 * t028
82  ->	t030=t030 + t029
83  ->	t027 = t025[16]
84  ->	t028 = m2[80]
85  ->	t029=t027 * t028
86  ->	t030=t030 + t029
87  ->	t026[16] = t030
88  ->	t030 = 0 
89  ->	t027 = t025[0]
90  ->	t028 = m2[24]
91  ->	t029=t027 * t028
92  ->	t030=t030 + t029
93  ->	t027 = t025[8]
94  ->	t028 = m2[56]
95  ->	t029=t027 * t028
96  ->	t030=t030 + t029
97  ->	t027 = t025[16]
98  ->	t028 = m2[88]
99  ->	t029=t027 * t028
100 ->	t030=t030 + t029
101 ->	t026[24] = t030
102 ->	t030 = 0 
103 ->	t027 = t025[24]
104 ->	t028 = m2[0]
105 ->	t029=t027 * t028
106 ->	t030=t030 + t029
107 ->	t027 = t025[32]
108 ->	t028 = m2[32]
109 ->	t029=t027 * t028
110 ->	t030=t030 + t029
111 ->	t027 = t025[40]
112 ->	t028 = m2[64]
113 ->	t029=t027 * t028
114 ->	t030=t030 + t029
115 ->	t026[32] = t030
116 ->	t030 = 0 
117 ->	t027 = t025[24]
118 ->	t028 = m2[8]
119 ->	t029=t027 * t028
120 ->	t030=t030 + t029
121 ->	t027 = t025[32]
122 ->	t028 = m2[40]
123 ->	t029=t027 * t028
124 ->	t030=t030 + t029
125 ->	t027 = t025[40]
126 ->	t028 = m2[72]
127 ->	t029=t027 * t028
128 ->	t030=t030 + t029
129 ->	t026[40] = t030
130 ->	t030 = 0 
131 ->	t027 = t025[24]
132 ->	t028 = m2[16]
133 ->	t029=t027 * t028
134 ->	t030=t030 + t029
135 ->	t027 = t025[32]
136 ->	t028 = m2[48]
137 ->	t029=t027 * t028
138 ->	t030=t030 + t029
139 ->	t027 = t025[40]
140 ->	t028 = m2[80]
141 ->	t029=t027 * t028
142 ->	t030=t030 + t029
143 ->	t026[48] = t030
144 ->	t030 = 0 
145 ->	t027 = t025[24]
146 ->	t028 = m2[24]
147 ->	t029=t027 * t028
148 ->	t030=t030 + t029
149 ->	t027 = t025[32]
150 ->	t028 = m2[56]
151 ->	t029=t027 * t028
152 ->	t030=t030 + t029
153 ->	t027 = t025[40]
154 ->	t028 = m2[88]
155 ->	t029=t027 * t028
156 ->	t030=t030 + t029
157 ->	t026[56] = t030
158 ->	m3=t026
159 ->	t031 = 0
160 ->	param t031
161 ->	t032 = call printStr, 1
162 ->	t033=0
163 ->	i=t033
164 ->	t034=2
165 ->	if i < t034 goto 170
166 ->	goto 193
167 ->	t035=i
168 ->	i=t035 + 1
169 ->	goto 164
170 ->	t036=0
171 ->	j=t036
172 ->	t037=3
173 ->	if j < t037 goto 178
174 ->	goto 189
175 ->	t038=j
176 ->	j=t038 + 1
177 ->	goto 172
178 ->	t040=i * 24
179 ->	t039=m1 + t040
180 ->	t042=j * 8
181 ->	t041=t039 + t042
182 ->	t043 = m1[t041]
183 ->	param t043
184 ->	t044 = call printFlt, 1
185 ->	t045 = 1
186 ->	param t045
187 ->	t046 = call printStr, 1
188 ->	goto 175
189 ->	t047 = 2
190 ->	param t047
191 ->	t048 = call printStr, 1
192 ->	goto 167
193 ->	t049 = 3
194 ->	param t049
195 ->	t050 = call printStr, 1
196 ->	t051=0
197 ->	i=t051
198 ->	t052=3
199 ->	if i < t052 goto 204
200 ->	goto 227
201 ->	t053=i
202 ->	i=t053 + 1
203 ->	goto 198
204 ->	t054=0
205 ->	j=t054
206 ->	t055=4
207 ->	if j < t055 goto 212
208 ->	goto 223
209 ->	t056=j
210 ->	j=t056 + 1
211 ->	goto 206
212 ->	t058=i * 32
213 ->	t057=m2 + t058
214 ->	t060=j * 8
215 ->	t059=t057 + t060
216 ->	t061 = m2[t059]
217 ->	param t061
218 ->	t062 = call printFlt, 1
219 ->	t063 = 4
220 ->	param t063
221 ->	t064 = call printStr, 1
222 ->	goto 209
223 ->	t065 = 5
224 ->	param t065
225 ->	t066 = call printStr, 1
226 ->	goto 201
227 ->	t067 = 6
228 ->	param t067
229 ->	t068 = call printStr, 1
230 ->	t069=0
231 ->	i=t069
232 ->	t070=2
233 ->	if i < t070 goto 238
234 ->	goto 261
235 ->	t071=i
236 ->	i=t071 + 1
237 ->	goto 232
238 ->	t072=0
239 ->	j=t072
240 ->	t073=4
241 ->	if j < t073 goto 246
242 ->	goto 257
243 ->	t074=j
244 ->	j=t074 + 1
245 ->	goto 240
246 ->	t076=i * 32
247 ->	t075=m3 + t076
248 ->	t078=j * 8
249 ->	t077=t075 + t078
250 ->	t079 = m3[t077]
251 ->	param t079
252 ->	t080 = call printFlt, 1
253 ->	t081 = 7
254 ->	param t081
255 ->	t082 = call printStr, 1
256 ->	goto 243
257 ->	t083 = 8
258 ->	param t083
259 ->	t084 = call printStr, 1
260 ->	goto 235
261 ->	
------------------------------
~~~~~~~~~~~~~~~~~~~~~~~~~~~~~~~ Quad Table ~~~~~~~~~~~~~~~~~~~~~~~~~~~~~~~~~~
index    op     arg 1   arg 2   result  
0        op                     main    
1        =      55.21           t000    
2        =      t000            d       
3        =      2               t001    
4        =      3               t002    
5        =      1.3             t003    
6        =      2.3             t004    
7        =      3.3             t005    
8        =      4.3             t006    
9        =      5.3             t007    
10       =      6.3             t008    
11       []=    0       t003    m1      
12       []=    8       t004    m1      
13       []=    16      t005    m1      
14       []=    24      t006    m1      
15       []=    32      t007    m1      
16       []=    40      t008    m1      
17       =      3               t009    
18       =      4               t010    
19       =      1.4             t011    
20       =      52.2            t012    
21       =      25.25           t013    
22       =      235.234         t014    
23       =      1.4             t015    
24       =      52.2            t016    
25       =      25.25           t017    
26       =      235.234         t018    
27       =      1.4             t019    
28       =      52.2            t020    
29       =      25.25           t021    
30       =      235.234         t022    
31       []=    0       t011    m2      
32       []=    8       t012    m2      
33       []=    16      t013    m2      
34       []=    24      t014    m2      
35       []=    32      t015    m2      
36       []=    40      t016    m2      
37       []=    48      t017    m2      
38       []=    56      t018    m2      
39       []=    64      t019    m2      
40       []=    72      t020    m2      
41       []=    80      t021    m2      
42       []=    88      t022    m2      
43       =      2               t023    
44       =      4               t024    
45       =      m1      m1      t025    
46       =      0               t030    
47       =[]    t025    0       t027    
48       =[]    m2      0       t028    
49       *      t027    t028    t029    
50       +      t030    t029    t030    
51       =[]    t025    8       t027    
52       =[]    m2      32      t028    
53       *      t027    t028    t029    
54       +      t030    t029    t030    
55       =[]    t025    16      t027    
56       =[]    m2      64      t028    
57       *      t027    t028    t029    
58       +      t030    t029    t030    
59       []=    0       t030    t026    
60       =      0               t030    
61       =[]    t025    0       t027    
62       =[]    m2      8       t028    
63       *      t027    t028    t029    
64       +      t030    t029    t030    
65       =[]    t025    8       t027    
66       =[]    m2      40      t028    
67       *      t027    t028    t029    
68       +      t030    t029    t030    
69       =[]    t025    16      t027    
70       =[]    m2      72      t028    
71       *      t027    t028    t029    
72       +      t030    t029    t030    
73       []=    8       t030    t026    
74       =      0               t030    
75       =[]    t025    0       t027    
76       =[]    m2      16      t028    
77       *      t027    t028    t029    
78       +      t030    t029    t030    
79       =[]    t025    8       t027    
80       =[]    m2      48      t028    
81       *      t027    t028    t029    
82       +      t030    t029    t030    
83       =[]    t025    16      t027    
84       =[]    m2      80      t028    
85       *      t027    t028    t029    
86       +      t030    t029    t030    
87       []=    16      t030    t026    
88       =      0               t030    
89       =[]    t025    0       t027    
90       =[]    m2      24      t028    
91       *      t027    t028    t029    
92       +      t030    t029    t030    
93       =[]    t025    8       t027    
94       =[]    m2      56      t028    
95       *      t027    t028    t029    
96       +      t030    t029    t030    
97       =[]    t025    16      t027    
98       =[]    m2      88      t028    
99       *      t027    t028    t029    
100      +      t030    t029    t030    
101      []=    24      t030    t026    
102      =      0               t030    
103      =[]    t025    24      t027    
104      =[]    m2      0       t028    
105      *      t027    t028    t029    
106      +      t030    t029    t030    
107      =[]    t025    32      t027    
108      =[]    m2      32      t028    
109      *      t027    t028    t029    
110      +      t030    t029    t030    
111      =[]    t025    40      t027    
112      =[]    m2      64      t028    
113      *      t027    t028    t029    
114      +      t030    t029    t030    
115      []=    32      t030    t026    
116      =      0               t030    
117      =[]    t025    24      t027    
118      =[]    m2      8       t028    
119      *      t027    t028    t029    
120      +      t030    t029    t030    
121      =[]    t025    32      t027    
122      =[]    m2      40      t028    
123      *      t027    t028    t029    
124      +      t030    t029    t030    
125      =[]    t025    40      t027    
126      =[]    m2      72      t028    
127      *      t027    t028    t029    
128      +      t030    t029    t030    
129      []=    40      t030    t026    
130      =      0               t030    
131      =[]    t025    24      t027    
132      =[]    m2      16      t028    
133      *      t027    t028    t029    
134      +      t030    t029    t030    
135      =[]    t025    32      t027    
136      =[]    m2      48      t028    
137      *      t027    t028    t029    
138      +      t030    t029    t030    
139      =[]    t025    40      t027    
140      =[]    m2      80      t028    
141      *      t027    t028    t029    
142      +      t030    t029    t030    
143      []=    48      t030    t026    
144      =      0               t030    
145      =[]    t025    24      t027    
146      =[]    m2      24      t028    
147      *      t027    t028    t029    
148      +      t030    t029    t030    
149      =[]    t025    32      t027    
150      =[]    m2      56      t028    
151      *      t027    t028    t029    
152      +      t030    t029    t030    
153      =[]    t025    40      t027    
154      =[]    m2      88      t028    
155      *      t027    t028    t029    
156      +      t030    t029    t030    
157      []=    56      t030    t026    
158      =      t026            m3      
159      =      0               t031    
160      param                  t031    
161      call   printStr1       t032    
162      =      0               t033    
163      =      t033            i       
164      =      2               t034    
165      <      i       t034    170     
166      goto                   193     
167      =      i               t035    
168      +      t035    1       i       
169      goto                   164     
170      =      0               t036    
171      =      t036            j       
172      =      3               t037    
173      <      j       t037    178     
174      goto                   189     
175      =      j               t038    
176      +      t038    1       j       
177      goto                   172     
178      *      i       24      t040    
179      +      m1      t040    t039    
180      *      j       8       t042    
181      +      t039    t042    t041    
182      =[]    m1      t041    t043    
183      param                  t043    
184      call   printFlt1       t044    
185      =      1               t045    
186      param                  t045    
187      call   printStr1       t046    
188      goto                   175     
189      =      2               t047    
190      param                  t047    
191      call   printStr1       t048    
192      goto                   167     
193      =      3               t049    
194      param                  t049    
195      call   printStr1       t050    
196      =      0               t051    
197      =      t051            i       
198      =      3               t052    
199      <      i       t052    204     
200      goto                   227     
201      =      i               t053    
202      +      t053    1       i       
203      goto                   198     
204      =      0               t054    
205      =      t054            j       
206      =      4               t055    
207      <      j       t055    212     
208      goto                   223     
209      =      j               t056    
210      +      t056    1       j       
211      goto                   206     
212      *      i       32      t058    
213      +      m2      t058    t057    
214      *      j       8       t060    
215      +      t057    t060    t059    
216      =[]    m2      t059    t061    
217      param                  t061    
218      call   printFlt1       t062    
219      =      4               t063    
220      param                  t063    
221      call   printStr1       t064    
222      goto                   209     
223      =      5               t065    
224      param                  t065    
225      call   printStr1       t066    
226      goto                   201     
227      =      6               t067    
228      param                  t067    
229      call   printStr1       t068    
230      =      0               t069    
231      =      t069            i       
232      =      2               t070    
233      <      i       t070    238     
234      goto                   261     
235      =      i               t071    
236      +      t071    1       i       
237      goto                   232     
238      =      0               t072    
239      =      t072            j       
240      =      4               t073    
241      <      j       t073    246     
242      goto                   257     
243      =      j               t074    
244      +      t074    1       j       
245      goto                   240     
246      *      i       32      t076    
247      +      m3      t076    t075    
248      *      j       8       t078    
249      +      t075    t078    t077    
250      =[]    m3      t077    t079    
251      param                  t079    
252      call   printFlt1       t080    
253      =      7               t081    
254      param                  t081    
255      call   printStr1       t082    
256      goto                   243     
257      =      8               t083    
258      param                  t083    
259      call   printStr1       t084    
260      goto                   235     
261      op                     main    
gcc -Wall -c ass5_15CS10045_4.s
gcc ass5_15CS10045_4.o -o test4 -L. -lprintlib
